<?xml version="1.0" encoding="UTF-8"?>
<testng-results ignored="0" total="1" passed="1" failed="0" skipped="0">
  <reporter-output>
  </reporter-output>
  <suite started-at="2023-02-17T13:26:32 IST" name="Surefire suite" finished-at="2023-02-17T13:26:38 IST" duration-ms="5914">
    <groups>
    </groups>
    <test started-at="2023-02-17T13:26:32 IST" name="Surefire test" finished-at="2023-02-17T13:26:38 IST" duration-ms="5914">
      <class name="com.restasssured.app.AppTest">
        <test-method signature="shouldAnswerWithTrue()" started-at="2023-02-17T13:26:32 IST" name="shouldAnswerWithTrue" finished-at="2023-02-17T13:26:32 IST" duration-ms="9" status="PASS">
          <reporter-output>
          </reporter-output>
        </test-method> <!-- shouldAnswerWithTrue -->
      </class> <!-- com.restasssured.app.AppTest -->
    </test> <!-- Surefire test -->
  </suite> <!-- Surefire suite -->
</testng-results>
